mode: atomic
github.com/prvst/philosopher/lib/sys/sys.go:16.32,20.31 2 0
github.com/prvst/philosopher/lib/sys/sys.go:31.2,31.18 1 0
github.com/prvst/philosopher/lib/sys/sys.go:20.31,22.17 2 0
github.com/prvst/philosopher/lib/sys/sys.go:22.17,24.4 1 0
github.com/prvst/philosopher/lib/sys/sys.go:25.8,25.36 1 0
github.com/prvst/philosopher/lib/sys/sys.go:25.36,27.3 1 0
github.com/prvst/philosopher/lib/sys/sys.go:27.8,29.3 1 0
github.com/prvst/philosopher/lib/sys/sys.go:35.32,39.31 2 0
github.com/prvst/philosopher/lib/sys/sys.go:47.2,47.17 1 0
github.com/prvst/philosopher/lib/sys/sys.go:39.31,41.3 1 0
github.com/prvst/philosopher/lib/sys/sys.go:41.8,41.36 1 0
github.com/prvst/philosopher/lib/sys/sys.go:41.36,43.3 1 0
github.com/prvst/philosopher/lib/sys/sys.go:43.8,45.3 1 0
github.com/prvst/philosopher/lib/sys/sys.go:51.39,55.29 2 0
github.com/prvst/philosopher/lib/sys/sys.go:73.2,73.20 1 0
github.com/prvst/philosopher/lib/sys/sys.go:55.29,60.139 3 0
github.com/prvst/philosopher/lib/sys/sys.go:60.139,62.4 1 0
github.com/prvst/philosopher/lib/sys/sys.go:62.9,62.56 1 0
github.com/prvst/philosopher/lib/sys/sys.go:62.56,64.4 1 0
github.com/prvst/philosopher/lib/sys/sys.go:64.9,64.56 1 0
github.com/prvst/philosopher/lib/sys/sys.go:64.56,66.4 1 0
github.com/prvst/philosopher/lib/sys/sys.go:66.9,68.4 1 0
github.com/prvst/philosopher/lib/sys/sys.go:69.8,71.3 1 0
github.com/prvst/philosopher/lib/sys/sys.go:78.38,82.16 2 0
github.com/prvst/philosopher/lib/sys/sys.go:85.2,89.16 3 0
github.com/prvst/philosopher/lib/sys/sys.go:92.2,96.16 3 0
github.com/prvst/philosopher/lib/sys/sys.go:101.2,102.16 2 0
github.com/prvst/philosopher/lib/sys/sys.go:106.2,106.12 1 0
github.com/prvst/philosopher/lib/sys/sys.go:82.16,84.3 1 0
github.com/prvst/philosopher/lib/sys/sys.go:89.16,91.3 1 0
github.com/prvst/philosopher/lib/sys/sys.go:96.16,98.3 1 0
github.com/prvst/philosopher/lib/sys/sys.go:102.16,104.3 1 0
github.com/prvst/philosopher/lib/sys/sys.go:110.20,113.2 2 1
github.com/prvst/philosopher/lib/sys/sys.go:116.22,119.2 2 1
github.com/prvst/philosopher/lib/sys/sys.go:122.25,125.2 2 1
github.com/prvst/philosopher/lib/sys/sys.go:128.26,131.2 2 1
github.com/prvst/philosopher/lib/sys/sys.go:134.22,137.2 2 1
github.com/prvst/philosopher/lib/sys/sys.go:140.22,143.2 2 1
github.com/prvst/philosopher/lib/sys/sys.go:146.22,149.2 2 1
github.com/prvst/philosopher/lib/sys/sys.go:152.22,155.2 2 1
github.com/prvst/philosopher/lib/sys/sys.go:158.21,161.2 2 2
github.com/prvst/philosopher/lib/sys/sys.go:164.25,167.2 2 1
github.com/prvst/philosopher/lib/sys/sys.go:170.24,173.2 2 1
github.com/prvst/philosopher/lib/sys/sys.go:176.28,179.2 2 1
github.com/prvst/philosopher/lib/sys/sys.go:182.28,185.2 2 1
github.com/prvst/philosopher/lib/sys/sys.go:188.34,191.2 2 1
github.com/prvst/philosopher/lib/sys/sys.go:194.36,197.2 2 1
github.com/prvst/philosopher/lib/sys/sys.go:200.29,203.2 2 1
github.com/prvst/philosopher/lib/sys/sys.go:206.24,209.2 2 1
github.com/prvst/philosopher/lib/sys/sys.go:212.21,215.2 2 1
github.com/prvst/philosopher/lib/sys/sys.go:218.22,221.2 2 1
github.com/prvst/philosopher/lib/sys/sys.go:224.23,226.2 1 41
github.com/prvst/philosopher/lib/sys/sys.go:229.21,231.2 1 1
github.com/prvst/philosopher/lib/sys/sys.go:234.23,236.2 1 1
github.com/prvst/philosopher/lib/sys/sys.go:239.22,241.2 1 1
github.com/prvst/philosopher/lib/sys/sys.go:244.22,246.2 1 1
github.com/prvst/philosopher/lib/sys/sys.go:249.22,251.2 1 1
github.com/prvst/philosopher/lib/sys/sys.go:254.20,256.2 1 1
github.com/prvst/philosopher/lib/sys/sys.go:259.22,261.2 1 1
github.com/prvst/philosopher/lib/sys/sys.go:264.22,266.2 1 1
github.com/prvst/philosopher/lib/sys/sys.go:269.23,271.2 1 1
github.com/prvst/philosopher/lib/sys/sys.go:274.35,276.2 1 1
