mode: atomic
github.com/prvst/philosopher/lib/wrk/wrk.go:18.58,22.127 2 0
github.com/prvst/philosopher/lib/wrk/wrk.go:26.2,26.15 1 0
github.com/prvst/philosopher/lib/wrk/wrk.go:57.2,57.12 1 0
github.com/prvst/philosopher/lib/wrk/wrk.go:22.127,24.3 1 0
github.com/prvst/philosopher/lib/wrk/wrk.go:26.15,30.15 3 0
github.com/prvst/philosopher/lib/wrk/wrk.go:35.3,35.11 1 0
github.com/prvst/philosopher/lib/wrk/wrk.go:30.15,31.28 1 0
github.com/prvst/philosopher/lib/wrk/wrk.go:31.28,33.5 1 0
github.com/prvst/philosopher/lib/wrk/wrk.go:37.8,37.22 1 0
github.com/prvst/philosopher/lib/wrk/wrk.go:37.22,41.15 3 0
github.com/prvst/philosopher/lib/wrk/wrk.go:44.3,44.11 1 0
github.com/prvst/philosopher/lib/wrk/wrk.go:41.15,43.4 1 0
github.com/prvst/philosopher/lib/wrk/wrk.go:46.8,46.22 1 0
github.com/prvst/philosopher/lib/wrk/wrk.go:46.22,50.15 3 0
github.com/prvst/philosopher/lib/wrk/wrk.go:53.3,53.11 1 0
github.com/prvst/philosopher/lib/wrk/wrk.go:50.15,52.4 1 0
github.com/prvst/philosopher/lib/wrk/wrk.go:61.45,66.40 3 1
github.com/prvst/philosopher/lib/wrk/wrk.go:70.2,71.14 2 0
github.com/prvst/philosopher/lib/wrk/wrk.go:75.2,84.54 5 0
github.com/prvst/philosopher/lib/wrk/wrk.go:88.2,89.48 2 0
github.com/prvst/philosopher/lib/wrk/wrk.go:93.2,98.12 4 0
github.com/prvst/philosopher/lib/wrk/wrk.go:66.40,68.3 1 1
github.com/prvst/philosopher/lib/wrk/wrk.go:71.14,73.3 1 0
github.com/prvst/philosopher/lib/wrk/wrk.go:84.54,86.3 1 0
github.com/prvst/philosopher/lib/wrk/wrk.go:89.48,91.3 1 0
github.com/prvst/philosopher/lib/wrk/wrk.go:102.26,107.40 3 0
github.com/prvst/philosopher/lib/wrk/wrk.go:111.2,112.27 2 0
github.com/prvst/philosopher/lib/wrk/wrk.go:119.2,121.39 2 0
github.com/prvst/philosopher/lib/wrk/wrk.go:124.2,125.14 2 0
github.com/prvst/philosopher/lib/wrk/wrk.go:129.2,129.12 1 0
github.com/prvst/philosopher/lib/wrk/wrk.go:107.40,109.3 1 0
github.com/prvst/philosopher/lib/wrk/wrk.go:112.27,114.3 1 0
github.com/prvst/philosopher/lib/wrk/wrk.go:114.8,118.3 3 0
github.com/prvst/philosopher/lib/wrk/wrk.go:121.40,122.3 0 0
github.com/prvst/philosopher/lib/wrk/wrk.go:125.14,127.3 1 0
github.com/prvst/philosopher/lib/wrk/wrk.go:133.25,136.14 2 0
github.com/prvst/philosopher/lib/wrk/wrk.go:140.2,140.12 1 0
github.com/prvst/philosopher/lib/wrk/wrk.go:136.14,138.3 1 0
