mode: atomic
github.com/prvst/philosopher/lib/bio/enz.go:16.40,18.54 1 5
github.com/prvst/philosopher/lib/bio/enz.go:42.2,42.12 1 5
github.com/prvst/philosopher/lib/bio/enz.go:18.54,22.3 3 1
github.com/prvst/philosopher/lib/bio/enz.go:22.8,22.59 1 4
github.com/prvst/philosopher/lib/bio/enz.go:22.59,26.3 3 1
github.com/prvst/philosopher/lib/bio/enz.go:26.8,26.59 1 3
github.com/prvst/philosopher/lib/bio/enz.go:26.59,30.3 3 1
github.com/prvst/philosopher/lib/bio/enz.go:30.8,30.66 1 2
github.com/prvst/philosopher/lib/bio/enz.go:30.66,34.3 3 1
github.com/prvst/philosopher/lib/bio/enz.go:34.8,34.59 1 1
github.com/prvst/philosopher/lib/bio/enz.go:34.59,38.3 3 1
github.com/prvst/philosopher/lib/bio/enz.go:38.8,40.3 1 0
github.com/prvst/philosopher/lib/bio/aa.go:18.42,22.14 2 21
github.com/prvst/philosopher/lib/bio/aa.go:69.2,69.16 1 20
github.com/prvst/philosopher/lib/bio/aa.go:24.17,25.116 1 1
github.com/prvst/philosopher/lib/bio/aa.go:26.18,27.120 1 1
github.com/prvst/philosopher/lib/bio/aa.go:28.20,29.122 1 1
github.com/prvst/philosopher/lib/bio/aa.go:30.23,31.124 1 1
github.com/prvst/philosopher/lib/bio/aa.go:32.18,33.119 1 1
github.com/prvst/philosopher/lib/bio/aa.go:34.19,35.121 1 1
github.com/prvst/philosopher/lib/bio/aa.go:36.23,37.125 1 1
github.com/prvst/philosopher/lib/bio/aa.go:38.17,39.117 1 1
github.com/prvst/philosopher/lib/bio/aa.go:40.19,41.121 1 1
github.com/prvst/philosopher/lib/bio/aa.go:42.20,43.122 1 1
github.com/prvst/philosopher/lib/bio/aa.go:44.17,45.119 1 1
github.com/prvst/philosopher/lib/bio/aa.go:46.16,47.118 1 1
github.com/prvst/philosopher/lib/bio/aa.go:48.20,49.122 1 1
github.com/prvst/philosopher/lib/bio/aa.go:50.23,51.125 1 1
github.com/prvst/philosopher/lib/bio/aa.go:52.17,53.117 1 1
github.com/prvst/philosopher/lib/bio/aa.go:54.16,55.115 1 1
github.com/prvst/philosopher/lib/bio/aa.go:56.19,57.121 1 1
github.com/prvst/philosopher/lib/bio/aa.go:58.20,59.121 1 1
github.com/prvst/philosopher/lib/bio/aa.go:60.18,61.120 1 1
github.com/prvst/philosopher/lib/bio/aa.go:62.16,63.116 1 1
github.com/prvst/philosopher/lib/bio/aa.go:64.10,66.17 2 1
