mode: atomic
github.com/prvst/philosopher/lib/met/met.go:295.25,307.14 8 1
github.com/prvst/philosopher/lib/met/met.go:310.2,327.10 12 1
github.com/prvst/philosopher/lib/met/met.go:307.14,309.3 1 0
github.com/prvst/philosopher/lib/met/met.go:331.34,336.16 2 0
github.com/prvst/philosopher/lib/met/met.go:339.2,339.29 1 0
github.com/prvst/philosopher/lib/met/met.go:346.2,346.12 1 0
github.com/prvst/philosopher/lib/met/met.go:336.16,338.3 1 0
github.com/prvst/philosopher/lib/met/met.go:339.29,341.17 2 0
github.com/prvst/philosopher/lib/met/met.go:341.17,343.4 1 0
github.com/prvst/philosopher/lib/met/met.go:350.39,353.14 2 0
github.com/prvst/philosopher/lib/met/met.go:357.2,358.14 2 0
github.com/prvst/philosopher/lib/met/met.go:362.2,362.12 1 0
github.com/prvst/philosopher/lib/met/met.go:353.14,355.3 1 0
github.com/prvst/philosopher/lib/met/met.go:358.14,360.3 1 0
github.com/prvst/philosopher/lib/met/met.go:366.45,369.14 2 0
github.com/prvst/philosopher/lib/met/met.go:373.2,374.14 2 0
github.com/prvst/philosopher/lib/met/met.go:378.2,378.21 1 0
github.com/prvst/philosopher/lib/met/met.go:382.2,382.51 1 0
github.com/prvst/philosopher/lib/met/met.go:387.2,387.12 1 0
github.com/prvst/philosopher/lib/met/met.go:369.14,371.3 1 0
github.com/prvst/philosopher/lib/met/met.go:374.14,376.3 1 0
github.com/prvst/philosopher/lib/met/met.go:378.21,380.3 1 0
github.com/prvst/philosopher/lib/met/met.go:382.51,385.3 1 0
github.com/prvst/philosopher/lib/met/met.go:392.48,394.40 1 0
github.com/prvst/philosopher/lib/met/met.go:398.2,398.66 1 0
github.com/prvst/philosopher/lib/met/met.go:403.2,403.12 1 0
github.com/prvst/philosopher/lib/met/met.go:394.40,396.3 1 0
github.com/prvst/philosopher/lib/met/met.go:398.66,401.3 2 0
