mode: atomic
github.com/prvst/philosopher/lib/met/met.go:294.39,306.14 8 1
github.com/prvst/philosopher/lib/met/met.go:309.2,326.15 12 1
github.com/prvst/philosopher/lib/met/met.go:306.14,308.3 1 0
github.com/prvst/philosopher/lib/met/met.go:330.34,335.16 2 0
github.com/prvst/philosopher/lib/met/met.go:338.2,338.29 1 0
github.com/prvst/philosopher/lib/met/met.go:345.2,345.12 1 0
github.com/prvst/philosopher/lib/met/met.go:335.16,337.3 1 0
github.com/prvst/philosopher/lib/met/met.go:338.29,340.17 2 0
github.com/prvst/philosopher/lib/met/met.go:340.17,342.4 1 0
github.com/prvst/philosopher/lib/met/met.go:349.39,352.14 2 0
github.com/prvst/philosopher/lib/met/met.go:356.2,357.14 2 0
github.com/prvst/philosopher/lib/met/met.go:361.2,361.12 1 0
github.com/prvst/philosopher/lib/met/met.go:352.14,354.3 1 0
github.com/prvst/philosopher/lib/met/met.go:357.14,359.3 1 0
github.com/prvst/philosopher/lib/met/met.go:365.45,368.14 2 0
github.com/prvst/philosopher/lib/met/met.go:372.2,373.14 2 0
github.com/prvst/philosopher/lib/met/met.go:377.2,377.21 1 0
github.com/prvst/philosopher/lib/met/met.go:381.2,381.51 1 0
github.com/prvst/philosopher/lib/met/met.go:386.2,386.12 1 0
github.com/prvst/philosopher/lib/met/met.go:368.14,370.3 1 0
github.com/prvst/philosopher/lib/met/met.go:373.14,375.3 1 0
github.com/prvst/philosopher/lib/met/met.go:377.21,379.3 1 0
github.com/prvst/philosopher/lib/met/met.go:381.51,384.3 1 0
github.com/prvst/philosopher/lib/met/met.go:391.48,393.40 1 0
github.com/prvst/philosopher/lib/met/met.go:397.2,397.66 1 0
github.com/prvst/philosopher/lib/met/met.go:402.2,402.12 1 0
github.com/prvst/philosopher/lib/met/met.go:393.40,395.3 1 0
github.com/prvst/philosopher/lib/met/met.go:397.66,400.3 2 0
